<?xml version="1.0" encoding="UTF-8"?>
<!-- Generated by org.testng.reporters.JUnitReportReporter -->
<testsuite hostname="LAPTOP-85UB51TR" failures="0" tests="4" name="Testcases.Test1" time="38.177" errors="0" timestamp="2022-02-21T23:27:58 IST" skipped="0">
  <testcase classname="Testcases.Test1" name="logintest" time="14.119"/>
  <system-out/>
  <testcase classname="Testcases.Test1" name="selectinvnttest" time="0.566"/>
  <system-out/>
  <testcase classname="Testcases.Test1" name="createprdtest" time="13.109"/>
  <system-out/>
  <testcase classname="Testcases.Test1" name="createmanufacturingordertest" time="10.383"/>
  <system-out/>
</testsuite> <!-- Testcases.Test1 -->
